<?xml version="1.0" encoding="UTF-8"?>
<!-- Generated by org.testng.reporters.JUnitXMLReporter -->
<testsuite ignored="0" hostname="LAPTOP-3DG6BCMH" failures="0" tests="7" name="my tests" time="13.429" errors="0" timestamp="2025-02-14T23:10:17 IST">
  <testcase classname="TestNGPackage.OrangeHRMTest" name="OpenApp" time="9.626"/>
  <testcase classname="TestNGPackage.OrangeHRMTest" name="TestLogo" time="3.081"/>
  <testcase classname="TestNGPackage.OrangeHRMTest" name="TestLogin" time="0.309"/>
  <testcase classname="TestNGPackage.OrangeHRMTest" name="CloseApp" time="0.334"/>
  <testcase classname="TestNGPackage.FirstTestCase" name="OpenApp" time="0.002"/>
  <testcase classname="TestNGPackage.FirstTestCase" name="Login" time="0.002"/>
  <testcase classname="TestNGPackage.FirstTestCase" name="LogOut" time="0.002"/>
</testsuite> <!-- my tests -->
