<?xml version="1.0" encoding="UTF-8"?>
<!-- Generated by org.testng.reporters.JUnitXMLReporter -->
<testsuite ignored="0" hostname="LAPTOP-3DG6BCMH" failures="0" tests="3" name="edgetest" time="15.558" errors="0" timestamp="2025-02-16T19:54:25 IST">
  <testcase classname="TestNGDataProvider.ParametersTest" name="testLogo" time="0.103"/>
  <testcase classname="TestNGDataProvider.ParametersTest" name="testTitle" time="0.024"/>
  <testcase classname="TestNGDataProvider.ParametersTest" name="testURL" time="0.014"/>
</testsuite> <!-- edgetest -->
