<?xml version="1.0" encoding="UTF-8"?>
<!-- Generated by org.testng.reporters.JUnitXMLReporter -->
<testsuite ignored="0" hostname="LAPTOP-3DG6BCMH" failures="0" tests="3" name="firefoxtest" time="19.887" errors="0" timestamp="2025-02-16T19:54:29 IST">
  <testcase classname="TestNGDataProvider.ParametersTest" name="testLogo" time="0.067"/>
  <testcase classname="TestNGDataProvider.ParametersTest" name="testTitle" time="0.007"/>
  <testcase classname="TestNGDataProvider.ParametersTest" name="testURL" time="0.007"/>
</testsuite> <!-- firefoxtest -->
