<?xml version="1.0" encoding="UTF-8"?>
<testng-results ignored="0" total="1" passed="1" failed="0" skipped="0">
  <reporter-output>
  </reporter-output>
  <suite started-at="2025-02-19T17:08:57 IST" name="Suite" finished-at="2025-02-19T17:09:09 IST" duration-ms="12600">
    <groups>
    </groups>
    <test started-at="2025-02-19T17:08:57 IST" name="Test" finished-at="2025-02-19T17:09:09 IST" duration-ms="12600">
      <class name="PageObjectModel.LoginTest">
        <test-method is-config="true" signature="setUp()[pri:0, instance:PageObjectModel.LoginTest@6f1de4c7]" started-at="2025-02-19T17:08:57 IST" name="setUp" finished-at="2025-02-19T17:09:07 IST" duration-ms="10221" status="PASS">
          <reporter-output>
          </reporter-output>
        </test-method> <!-- setUp -->
        <test-method signature="testLogin()[pri:0, instance:PageObjectModel.LoginTest@6f1de4c7]" started-at="2025-02-19T17:09:07 IST" name="testLogin" finished-at="2025-02-19T17:09:09 IST" duration-ms="1960" status="PASS">
          <reporter-output>
          </reporter-output>
        </test-method> <!-- testLogin -->
        <test-method is-config="true" signature="teardown()[pri:0, instance:PageObjectModel.LoginTest@6f1de4c7]" started-at="2025-02-19T17:09:09 IST" name="teardown" finished-at="2025-02-19T17:09:09 IST" duration-ms="350" status="PASS">
          <reporter-output>
          </reporter-output>
        </test-method> <!-- teardown -->
      </class> <!-- PageObjectModel.LoginTest -->
    </test> <!-- Test -->
  </suite> <!-- Suite -->
</testng-results>
