<?xml version="1.0" encoding="UTF-8"?>
<!-- Generated by org.testng.reporters.JUnitXMLReporter -->
<testsuite ignored="2" hostname="LAPTOP-3DG6BCMH" failures="0" tests="6" name="groupingtest" time="0.102" errors="0" timestamp="2025-02-16T12:14:17 IST">
  <testcase classname="TestNGPackage2.LoginTest" name="loginByEmail" time="0.017"/>
  <testcase classname="TestNGPackage2.LoginTest" name="loginByFacebook" time="0.002"/>
  <testcase classname="TestNGPackage2.LoginTest" name="loginByTwitter" time="0.003"/>
  <testcase classname="TestNGPackage2.SignUpTest" name="signUpByEmail" time="0.005"/>
  <testcase classname="TestNGPackage2.SignUpTest" name="signUpByFacebook" time="0.002"/>
  <testcase classname="TestNGPackage2.SignUpTest" name="signUpByTwitter" time="0.002"/>
  <testcase classname="TestNGPackage2.PaymentTest" name="paymentInDollars" time="0.0">
    <ignored/>
  </testcase> <!-- paymentInDollars -->
  <testcase classname="TestNGPackage2.PaymentTest" name="paymentInRupees" time="0.0">
    <ignored/>
  </testcase> <!-- paymentInRupees -->
</testsuite> <!-- groupingtest -->
